{"/Users/kgryte/Coding/projects/personal/figure-io/figure/lib/index.js":{"path":"/Users/kgryte/Coding/projects/personal/figure-io/figure/lib/index.js","s":{"1":1,"2":1,"3":13,"4":13,"5":13,"6":13,"7":13,"8":1,"9":7,"10":7,"11":1,"12":6,"13":5,"14":6,"15":6,"16":6,"17":6,"18":6,"19":6,"20":6,"21":6,"22":1,"23":2,"24":1,"25":1,"26":1,"27":1,"28":1,"29":1,"30":1},"b":{"1":[1,6],"2":[5,1]},"f":{"1":1,"2":13,"3":7,"4":2,"5":1,"6":1,"7":1},"fnMap":{"1":{"name":"(anonymous_1)","line":29,"loc":{"start":{"line":29,"column":1},"end":{"line":29,"column":12}}},"2":{"name":"Figure","line":41,"loc":{"start":{"line":41,"column":1},"end":{"line":41,"column":19}}},"3":{"name":"(anonymous_3)","line":58,"loc":{"start":{"line":58,"column":27},"end":{"line":58,"column":59}}},"4":{"name":"(anonymous_4)","line":82,"loc":{"start":{"line":82,"column":25},"end":{"line":82,"column":36}}},"5":{"name":"(anonymous_5)","line":92,"loc":{"start":{"line":92,"column":27},"end":{"line":92,"column":38}}},"6":{"name":"(anonymous_6)","line":102,"loc":{"start":{"line":102,"column":29},"end":{"line":102,"column":40}}},"7":{"name":"(anonymous_7)","line":112,"loc":{"start":{"line":112,"column":27},"end":{"line":112,"column":38}}}},"statementMap":{"1":{"start":{"line":29,"column":0},"end":{"line":122,"column":5}},"2":{"start":{"line":41,"column":1},"end":{"line":48,"column":2}},"3":{"start":{"line":42,"column":2},"end":{"line":42,"column":20}},"4":{"start":{"line":43,"column":2},"end":{"line":43,"column":27}},"5":{"start":{"line":44,"column":2},"end":{"line":44,"column":25}},"6":{"start":{"line":45,"column":2},"end":{"line":45,"column":22}},"7":{"start":{"line":47,"column":2},"end":{"line":47,"column":14}},"8":{"start":{"line":58,"column":1},"end":{"line":74,"column":3}},"9":{"start":{"line":59,"column":2},"end":{"line":59,"column":23}},"10":{"start":{"line":60,"column":2},"end":{"line":62,"column":3}},"11":{"start":{"line":61,"column":3},"end":{"line":61,"column":98}},"12":{"start":{"line":63,"column":2},"end":{"line":65,"column":3}},"13":{"start":{"line":64,"column":3},"end":{"line":64,"column":47}},"14":{"start":{"line":66,"column":2},"end":{"line":66,"column":27}},"15":{"start":{"line":67,"column":2},"end":{"line":67,"column":46}},"16":{"start":{"line":68,"column":2},"end":{"line":68,"column":46}},"17":{"start":{"line":69,"column":2},"end":{"line":69,"column":31}},"18":{"start":{"line":70,"column":2},"end":{"line":70,"column":34}},"19":{"start":{"line":71,"column":2},"end":{"line":71,"column":53}},"20":{"start":{"line":72,"column":2},"end":{"line":72,"column":47}},"21":{"start":{"line":73,"column":2},"end":{"line":73,"column":14}},"22":{"start":{"line":82,"column":1},"end":{"line":84,"column":3}},"23":{"start":{"line":83,"column":2},"end":{"line":83,"column":20}},"24":{"start":{"line":92,"column":1},"end":{"line":94,"column":3}},"25":{"start":{"line":93,"column":2},"end":{"line":93,"column":22}},"26":{"start":{"line":102,"column":1},"end":{"line":104,"column":3}},"27":{"start":{"line":103,"column":2},"end":{"line":103,"column":24}},"28":{"start":{"line":112,"column":1},"end":{"line":115,"column":3}},"29":{"start":{"line":114,"column":2},"end":{"line":114,"column":54}},"30":{"start":{"line":120,"column":1},"end":{"line":120,"column":25}}},"branchMap":{"1":{"line":60,"type":"if","locations":[{"start":{"line":60,"column":2},"end":{"line":60,"column":2}},{"start":{"line":60,"column":2},"end":{"line":60,"column":2}}]},"2":{"line":63,"type":"if","locations":[{"start":{"line":63,"column":2},"end":{"line":63,"column":2}},{"start":{"line":63,"column":2},"end":{"line":63,"column":2}}]}}}}