TN:
SF:/Users/kgryte/Coding/projects/personal/figure-io/figure/lib/index.js
FN:29,(anonymous_1)
FN:41,Figure
FN:58,(anonymous_3)
FN:82,(anonymous_4)
FN:92,(anonymous_5)
FN:102,(anonymous_6)
FN:112,(anonymous_7)
FNF:7
FNH:7
FNDA:1,(anonymous_1)
FNDA:13,Figure
FNDA:7,(anonymous_3)
FNDA:2,(anonymous_4)
FNDA:1,(anonymous_5)
FNDA:1,(anonymous_6)
FNDA:1,(anonymous_7)
DA:29,1
DA:41,1
DA:42,13
DA:43,13
DA:44,13
DA:45,13
DA:47,13
DA:58,1
DA:59,7
DA:60,7
DA:61,1
DA:63,6
DA:64,5
DA:66,6
DA:67,6
DA:68,6
DA:69,6
DA:70,6
DA:71,6
DA:72,6
DA:73,6
DA:82,1
DA:83,2
DA:92,1
DA:93,1
DA:102,1
DA:103,1
DA:112,1
DA:114,1
DA:120,1
LF:30
LH:30
BRDA:60,1,0,1
BRDA:60,1,1,6
BRDA:63,2,0,5
BRDA:63,2,1,1
BRF:4
BRH:4
end_of_record
